<?xml version="1.0" encoding="UTF-8"?>
<testsuite name="script.SortBooKByPriceHighToLowTest" tests="1" skipped="0" failures="0" errors="0" timestamp="2020-01-26T12:57:47" hostname="admin1-desktop" time="2.419">
  <properties/>
  <testcase name="givenMethodForSortingBookByAscendingOrder" classname="script.SortBooKByPriceHighToLowTest" time="2.419"/>
  <system-out><![CDATA[driver is ChromeDriver: chrome on LINUX (13f2fe7e01eede7df53055c27d61e54d)
driver is ChromeDriver: chrome on LINUX (13f2fe7e01eede7df53055c27d61e54d)
]]></system-out>
  <system-err><![CDATA[Starting ChromeDriver 79.0.3945.36 (3582db32b33893869b8c1339e8f4d9ed1816f143-refs/branch-heads/3945@{#614}) on port 5113
Only local connections are allowed.
Please protect ports used by ChromeDriver and related test frameworks to prevent access by malicious code.
Jan 26, 2020 6:27:43 PM org.openqa.selenium.remote.ProtocolHandshake createSession
INFO: Detected dialect: W3C
]]></system-err>
</testsuite>
