<?xml version="1.0" encoding="UTF-8"?>
<testsuite name="script.SortBooKByPriceHighToLowTest" tests="1" skipped="0" failures="0" errors="0" timestamp="2020-01-26T11:08:42" hostname="admin1-desktop" time="2.18">
  <properties/>
  <testcase name="givenMethodForSortingBookByAscendingOrder" classname="script.SortBooKByPriceHighToLowTest" time="2.18"/>
  <system-out><![CDATA[]]></system-out>
  <system-err><![CDATA[Starting ChromeDriver 79.0.3945.36 (3582db32b33893869b8c1339e8f4d9ed1816f143-refs/branch-heads/3945@{#614}) on port 23471
Only local connections are allowed.
Please protect ports used by ChromeDriver and related test frameworks to prevent access by malicious code.
Jan 26, 2020 4:38:37 PM org.openqa.selenium.remote.ProtocolHandshake createSession
INFO: Detected dialect: W3C
]]></system-err>
</testsuite>
